<?xml version="1.0" encoding="UTF-8"?>
<!-- Generated by org.testng.reporters.JUnitReportReporter -->
<testsuite hostname="MWDH-Work2" failures="0" tests="1" name="ass3W9D4.ChromeWebDriverAss3W9D4" time="34.142" errors="0" timestamp="2022-08-03T23:09:41 AST" skipped="0">
  <testcase classname="ass3W9D4.ChromeWebDriverAss3W9D4" name="LearnEnglishWebSite" time="34.142"/>
  <system-out/>
</testsuite> <!-- ass3W9D4.ChromeWebDriverAss3W9D4 -->
